<?xml version="1.0" encoding="UTF-8"?>
<!-- Generated by org.testng.reporters.JUnitReportReporter -->
<testsuite hostname="DESKTOP-CP6NJHT" failures="0" tests="4" name="ru.skillfactory.qajava.AppTest" time="0.022" errors="0" timestamp="2023-11-27T14:14:42 MSK" skipped="0">
  <testcase classname="ru.skillfactory.qajava.AppTest" name="proverka" time="0.016"/>
  <system-out/>
  <testcase classname="ru.skillfactory.qajava.AppTest" name="proverka" time="0.005"/>
  <system-out/>
  <testcase classname="ru.skillfactory.qajava.AppTest" name="proverka" time="0.001"/>
  <system-out/>
  <testcase classname="ru.skillfactory.qajava.AppTest" name="proverka" time="0.000"/>
  <system-out/>
</testsuite> <!-- ru.skillfactory.qajava.AppTest -->
